Copyright 1986-2022 Xilinx, Inc. All Rights Reserved. Copyright 2022-2025 Advanced Micro Devices, Inc. All Rights Reserved.
---------------------------------------------------------------------------------------------------------------------------------------------------------------------------------------------------------------------
| Tool Version : Vivado v.2025.1 (win64) Build 6140274 Thu May 22 00:12:29 MDT 2025
| Date         : Sat Mar 28 13:30:26 2026
| Host         : Conolas running 64-bit major release  (build 9200)
| Command      : report_timing_summary -max_paths 10 -routable_nets -report_unconstrained -file top_timing_summary_routed.rpt -pb top_timing_summary_routed.pb -rpx top_timing_summary_routed.rpx -warn_on_violation
| Design       : top
| Device       : 7a100t-csg324
| Speed File   : -1  PRODUCTION 1.23 2018-06-13
| Design State : Routed
---------------------------------------------------------------------------------------------------------------------------------------------------------------------------------------------------------------------

Timing Summary Report

------------------------------------------------------------------------------------------------
| Timer Settings
| --------------
------------------------------------------------------------------------------------------------

  Enable Multi Corner Analysis               :  Yes
  Enable Pessimism Removal                   :  Yes
  Pessimism Removal Resolution               :  Nearest Common Node
  Enable Input Delay Default Clock           :  No
  Enable Preset / Clear Arcs                 :  No
  Disable Flight Delays                      :  No
  Ignore I/O Paths                           :  No
  Timing Early Launch at Borrowing Latches   :  No
  Borrow Time for Max Delay Exceptions       :  Yes
  Merge Timing Exceptions                    :  Yes
  Inter-SLR Compensation                     :  Conservative

  Corner  Analyze    Analyze    
  Name    Max Paths  Min Paths  
  ------  ---------  ---------  
  Slow    Yes        Yes        
  Fast    Yes        Yes        


------------------------------------------------------------------------------------------------
| Report Methodology
| ------------------
------------------------------------------------------------------------------------------------

Rule       Severity          Description                  Violations  
---------  ----------------  ---------------------------  ----------  
TIMING-17  Critical Warning  Non-clocked sequential cell  53          

Note: This report is based on the most recent report_methodology run and may not be up-to-date. Run report_methodology on the current design for the latest report.



check_timing report

Table of Contents
-----------------
1. checking no_clock (53)
2. checking constant_clock (0)
3. checking pulse_width_clock (0)
4. checking unconstrained_internal_endpoints (105)
5. checking no_input_delay (5)
6. checking no_output_delay (7)
7. checking multiple_clock (0)
8. checking generated_clocks (0)
9. checking loops (0)
10. checking partial_input_delay (0)
11. checking partial_output_delay (0)
12. checking latch_loops (0)

1. checking no_clock (53)
-------------------------
 There are 27 register/latch pins with no clock driven by root clock pin: clk (HIGH)

 There are 26 register/latch pins with no clock driven by root clock pin: u1/clk_1s_reg/Q (HIGH)


2. checking constant_clock (0)
------------------------------
 There are 0 register/latch pins with constant_clock.


3. checking pulse_width_clock (0)
---------------------------------
 There are 0 register/latch pins which need pulse_width check


4. checking unconstrained_internal_endpoints (105)
--------------------------------------------------
 There are 105 pins that are not constrained for maximum delay. (HIGH)

 There are 0 pins that are not constrained for maximum delay due to constant clock.


5. checking no_input_delay (5)
------------------------------
 There are 5 input ports with no input delay specified. (HIGH)

 There are 0 input ports with no input delay but user has a false path constraint.


6. checking no_output_delay (7)
-------------------------------
 There are 7 ports with no output delay specified. (HIGH)

 There are 0 ports with no output delay but user has a false path constraint

 There are 0 ports with no output delay but with a timing clock defined on it or propagating through it


7. checking multiple_clock (0)
------------------------------
 There are 0 register/latch pins with multiple clocks.


8. checking generated_clocks (0)
--------------------------------
 There are 0 generated clocks that are not connected to a clock source.


9. checking loops (0)
---------------------
 There are 0 combinational loops in the design.


10. checking partial_input_delay (0)
------------------------------------
 There are 0 input ports with partial input delay specified.


11. checking partial_output_delay (0)
-------------------------------------
 There are 0 ports with partial output delay specified.


12. checking latch_loops (0)
----------------------------
 There are 0 combinational latch loops in the design through latch input



------------------------------------------------------------------------------------------------
| Design Timing Summary
| ---------------------
------------------------------------------------------------------------------------------------

    WNS(ns)      TNS(ns)  TNS Failing Endpoints  TNS Total Endpoints      WHS(ns)      THS(ns)  THS Failing Endpoints  THS Total Endpoints     WPWS(ns)     TPWS(ns)  TPWS Failing Endpoints  TPWS Total Endpoints  
    -------      -------  ---------------------  -------------------      -------      -------  ---------------------  -------------------     --------     --------  ----------------------  --------------------  
        inf        0.000                      0                  112          inf        0.000                      0                  112           NA           NA                      NA                    NA  


There are no user specified timing constraints.


------------------------------------------------------------------------------------------------
| Clock Summary
| -------------
------------------------------------------------------------------------------------------------


------------------------------------------------------------------------------------------------
| Intra Clock Table
| -----------------
------------------------------------------------------------------------------------------------

Clock             WNS(ns)      TNS(ns)  TNS Failing Endpoints  TNS Total Endpoints      WHS(ns)      THS(ns)  THS Failing Endpoints  THS Total Endpoints     WPWS(ns)     TPWS(ns)  TPWS Failing Endpoints  TPWS Total Endpoints  
-----             -------      -------  ---------------------  -------------------      -------      -------  ---------------------  -------------------     --------     --------  ----------------------  --------------------  


------------------------------------------------------------------------------------------------
| Inter Clock Table
| -----------------
------------------------------------------------------------------------------------------------

From Clock    To Clock          WNS(ns)      TNS(ns)  TNS Failing Endpoints  TNS Total Endpoints      WHS(ns)      THS(ns)  THS Failing Endpoints  THS Total Endpoints  
----------    --------          -------      -------  ---------------------  -------------------      -------      -------  ---------------------  -------------------  


------------------------------------------------------------------------------------------------
| Other Path Groups Table
| -----------------------
------------------------------------------------------------------------------------------------

Path Group    From Clock    To Clock          WNS(ns)      TNS(ns)  TNS Failing Endpoints  TNS Total Endpoints      WHS(ns)      THS(ns)  THS Failing Endpoints  THS Total Endpoints  
----------    ----------    --------          -------      -------  ---------------------  -------------------      -------      -------  ---------------------  -------------------  


------------------------------------------------------------------------------------------------
| User Ignored Path Table
| -----------------------
------------------------------------------------------------------------------------------------

Path Group    From Clock    To Clock    
----------    ----------    --------    


------------------------------------------------------------------------------------------------
| Unconstrained Path Table
| ------------------------
------------------------------------------------------------------------------------------------

Path Group    From Clock    To Clock    
----------    ----------    --------    
(none)                                    


------------------------------------------------------------------------------------------------
| Timing Details
| --------------
------------------------------------------------------------------------------------------------


--------------------------------------------------------------------------------------
Path Group:  (none)
From Clock:  
  To Clock:  

Max Delay           112 Endpoints
Min Delay           112 Endpoints
--------------------------------------------------------------------------------------


Max Delay Paths
--------------------------------------------------------------------------------------
Slack:                    inf
  Source:                 u2/res_reg[3]/C
                            (rising edge-triggered cell FDCE)
  Destination:            res[3]
                            (output port)
  Path Group:             (none)
  Path Type:              Max at Slow Process Corner
  Data Path Delay:        8.454ns  (logic 4.095ns (48.437%)  route 4.359ns (51.563%))
  Logic Levels:           2  (FDCE=1 OBUF=1)

    Location             Delay type                Incr(ns)  Path(ns)    Netlist Resource(s)
  -------------------------------------------------------------------    -------------------
    SLICE_X38Y110        FDCE                         0.000     0.000 r  u2/res_reg[3]/C
    SLICE_X38Y110        FDCE (Prop_fdce_C_Q)         0.518     0.518 r  u2/res_reg[3]/Q
                         net (fo=1, routed)           4.359     4.877    res_OBUF[3]
    T10                  OBUF (Prop_obuf_I_O)         3.577     8.454 r  res_OBUF[3]_inst/O
                         net (fo=0)                   0.000     8.454    res[3]
    T10                                                               r  res[3] (OUT)
  -------------------------------------------------------------------    -------------------

Slack:                    inf
  Source:                 u2/res_reg[2]/C
                            (rising edge-triggered cell FDCE)
  Destination:            res[2]
                            (output port)
  Path Group:             (none)
  Path Type:              Max at Slow Process Corner
  Data Path Delay:        7.933ns  (logic 4.092ns (51.590%)  route 3.840ns (48.410%))
  Logic Levels:           2  (FDCE=1 OBUF=1)

    Location             Delay type                Incr(ns)  Path(ns)    Netlist Resource(s)
  -------------------------------------------------------------------    -------------------
    SLICE_X38Y110        FDCE                         0.000     0.000 r  u2/res_reg[2]/C
    SLICE_X38Y110        FDCE (Prop_fdce_C_Q)         0.518     0.518 r  u2/res_reg[2]/Q
                         net (fo=1, routed)           3.840     4.358    res_OBUF[2]
    T9                   OBUF (Prop_obuf_I_O)         3.574     7.933 r  res_OBUF[2]_inst/O
                         net (fo=0)                   0.000     7.933    res[2]
    T9                                                                r  res[2] (OUT)
  -------------------------------------------------------------------    -------------------

Slack:                    inf
  Source:                 u2/res_reg[6]/C
                            (rising edge-triggered cell FDCE)
  Destination:            res[6]
                            (output port)
  Path Group:             (none)
  Path Type:              Max at Slow Process Corner
  Data Path Delay:        7.571ns  (logic 4.033ns (53.274%)  route 3.538ns (46.726%))
  Logic Levels:           2  (FDCE=1 OBUF=1)

    Location             Delay type                Incr(ns)  Path(ns)    Netlist Resource(s)
  -------------------------------------------------------------------    -------------------
    SLICE_X38Y110        FDCE                         0.000     0.000 r  u2/res_reg[6]/C
    SLICE_X38Y110        FDCE (Prop_fdce_C_Q)         0.518     0.518 r  u2/res_reg[6]/Q
                         net (fo=1, routed)           3.538     4.056    res_OBUF[6]
    H4                   OBUF (Prop_obuf_I_O)         3.515     7.571 r  res_OBUF[6]_inst/O
                         net (fo=0)                   0.000     7.571    res[6]
    H4                                                                r  res[6] (OUT)
  -------------------------------------------------------------------    -------------------

Slack:                    inf
  Source:                 u2/res_reg[0]/C
                            (rising edge-triggered cell FDCE)
  Destination:            res[0]
                            (output port)
  Path Group:             (none)
  Path Type:              Max at Slow Process Corner
  Data Path Delay:        7.556ns  (logic 3.986ns (52.750%)  route 3.570ns (47.250%))
  Logic Levels:           2  (FDCE=1 OBUF=1)

    Location             Delay type                Incr(ns)  Path(ns)    Netlist Resource(s)
  -------------------------------------------------------------------    -------------------
    SLICE_X39Y110        FDCE                         0.000     0.000 r  u2/res_reg[0]/C
    SLICE_X39Y110        FDCE (Prop_fdce_C_Q)         0.456     0.456 r  u2/res_reg[0]/Q
                         net (fo=1, routed)           3.570     4.026    res_OBUF[0]
    H5                   OBUF (Prop_obuf_I_O)         3.530     7.556 r  res_OBUF[0]_inst/O
                         net (fo=0)                   0.000     7.556    res[0]
    H5                                                                r  res[0] (OUT)
  -------------------------------------------------------------------    -------------------

Slack:                    inf
  Source:                 u2/res_reg[1]/C
                            (rising edge-triggered cell FDCE)
  Destination:            res[1]
                            (output port)
  Path Group:             (none)
  Path Type:              Max at Slow Process Corner
  Data Path Delay:        7.534ns  (logic 3.967ns (52.649%)  route 3.567ns (47.351%))
  Logic Levels:           2  (FDCE=1 OBUF=1)

    Location             Delay type                Incr(ns)  Path(ns)    Netlist Resource(s)
  -------------------------------------------------------------------    -------------------
    SLICE_X39Y110        FDCE                         0.000     0.000 r  u2/res_reg[1]/C
    SLICE_X39Y110        FDCE (Prop_fdce_C_Q)         0.456     0.456 r  u2/res_reg[1]/Q
                         net (fo=1, routed)           3.567     4.023    res_OBUF[1]
    J5                   OBUF (Prop_obuf_I_O)         3.511     7.534 r  res_OBUF[1]_inst/O
                         net (fo=0)                   0.000     7.534    res[1]
    J5                                                                r  res[1] (OUT)
  -------------------------------------------------------------------    -------------------

Slack:                    inf
  Source:                 u2/res_reg[4]/C
                            (rising edge-triggered cell FDCE)
  Destination:            res[4]
                            (output port)
  Path Group:             (none)
  Path Type:              Max at Slow Process Corner
  Data Path Delay:        6.873ns  (logic 3.998ns (58.170%)  route 2.875ns (41.830%))
  Logic Levels:           2  (FDCE=1 OBUF=1)

    Location             Delay type                Incr(ns)  Path(ns)    Netlist Resource(s)
  -------------------------------------------------------------------    -------------------
    SLICE_X39Y110        FDCE                         0.000     0.000 r  u2/res_reg[4]/C
    SLICE_X39Y110        FDCE (Prop_fdce_C_Q)         0.456     0.456 r  u2/res_reg[4]/Q
                         net (fo=1, routed)           2.875     3.331    res_OBUF[4]
    G6                   OBUF (Prop_obuf_I_O)         3.542     6.873 r  res_OBUF[4]_inst/O
                         net (fo=0)                   0.000     6.873    res[4]
    G6                                                                r  res[4] (OUT)
  -------------------------------------------------------------------    -------------------

Slack:                    inf
  Source:                 u2/res_reg[5]/C
                            (rising edge-triggered cell FDCE)
  Destination:            res[5]
                            (output port)
  Path Group:             (none)
  Path Type:              Max at Slow Process Corner
  Data Path Delay:        6.742ns  (logic 3.992ns (59.206%)  route 2.750ns (40.794%))
  Logic Levels:           2  (FDCE=1 OBUF=1)

    Location             Delay type                Incr(ns)  Path(ns)    Netlist Resource(s)
  -------------------------------------------------------------------    -------------------
    SLICE_X39Y110        FDCE                         0.000     0.000 r  u2/res_reg[5]/C
    SLICE_X39Y110        FDCE (Prop_fdce_C_Q)         0.456     0.456 r  u2/res_reg[5]/Q
                         net (fo=1, routed)           2.750     3.206    res_OBUF[5]
    G3                   OBUF (Prop_obuf_I_O)         3.536     6.742 r  res_OBUF[5]_inst/O
                         net (fo=0)                   0.000     6.742    res[5]
    G3                                                                r  res[5] (OUT)
  -------------------------------------------------------------------    -------------------

Slack:                    inf
  Source:                 sw[0]
                            (input port)
  Destination:            u2/B_reg[0]/CE
  Path Group:             (none)
  Path Type:              Max at Slow Process Corner
  Data Path Delay:        6.709ns  (logic 1.666ns (24.825%)  route 5.044ns (75.175%))
  Logic Levels:           2  (IBUF=1 LUT2=1)

    Location             Delay type                Incr(ns)  Path(ns)    Netlist Resource(s)
  -------------------------------------------------------------------    -------------------
    A8                                                0.000     0.000 r  sw[0] (IN)
                         net (fo=0)                   0.000     0.000    sw[0]
    A8                   IBUF (Prop_ibuf_I_O)         1.542     1.542 r  sw_IBUF[0]_inst/O
                         net (fo=10, routed)          4.700     6.241    u2/sw_IBUF[0]
    SLICE_X38Y111        LUT2 (Prop_lut2_I1_O)        0.124     6.365 r  u2/B[3]_i_1/O
                         net (fo=7, routed)           0.344     6.709    u2/CE
    SLICE_X38Y113        FDRE                                         r  u2/B_reg[0]/CE
  -------------------------------------------------------------------    -------------------

Slack:                    inf
  Source:                 sw[0]
                            (input port)
  Destination:            u2/B_reg[1]/CE
  Path Group:             (none)
  Path Type:              Max at Slow Process Corner
  Data Path Delay:        6.709ns  (logic 1.666ns (24.825%)  route 5.044ns (75.175%))
  Logic Levels:           2  (IBUF=1 LUT2=1)

    Location             Delay type                Incr(ns)  Path(ns)    Netlist Resource(s)
  -------------------------------------------------------------------    -------------------
    A8                                                0.000     0.000 r  sw[0] (IN)
                         net (fo=0)                   0.000     0.000    sw[0]
    A8                   IBUF (Prop_ibuf_I_O)         1.542     1.542 r  sw_IBUF[0]_inst/O
                         net (fo=10, routed)          4.700     6.241    u2/sw_IBUF[0]
    SLICE_X38Y111        LUT2 (Prop_lut2_I1_O)        0.124     6.365 r  u2/B[3]_i_1/O
                         net (fo=7, routed)           0.344     6.709    u2/CE
    SLICE_X38Y113        FDRE                                         r  u2/B_reg[1]/CE
  -------------------------------------------------------------------    -------------------

Slack:                    inf
  Source:                 sw[0]
                            (input port)
  Destination:            u2/B_reg[2]/CE
  Path Group:             (none)
  Path Type:              Max at Slow Process Corner
  Data Path Delay:        6.709ns  (logic 1.666ns (24.825%)  route 5.044ns (75.175%))
  Logic Levels:           2  (IBUF=1 LUT2=1)

    Location             Delay type                Incr(ns)  Path(ns)    Netlist Resource(s)
  -------------------------------------------------------------------    -------------------
    A8                                                0.000     0.000 r  sw[0] (IN)
                         net (fo=0)                   0.000     0.000    sw[0]
    A8                   IBUF (Prop_ibuf_I_O)         1.542     1.542 r  sw_IBUF[0]_inst/O
                         net (fo=10, routed)          4.700     6.241    u2/sw_IBUF[0]
    SLICE_X38Y111        LUT2 (Prop_lut2_I1_O)        0.124     6.365 r  u2/B[3]_i_1/O
                         net (fo=7, routed)           0.344     6.709    u2/CE
    SLICE_X38Y113        FDRE                                         r  u2/B_reg[2]/CE
  -------------------------------------------------------------------    -------------------





Min Delay Paths
--------------------------------------------------------------------------------------
Slack:                    inf
  Source:                 <hidden>
                            (rising edge-triggered cell FDRE)
  Destination:            u2/res_reg[0]/D
  Path Group:             (none)
  Path Type:              Min at Fast Process Corner
  Data Path Delay:        0.251ns  (logic 0.141ns (56.174%)  route 0.110ns (43.826%))
  Logic Levels:           1  (FDRE=1)

    Location             Delay type                Incr(ns)  Path(ns)    Netlist Resource(s)
  -------------------------------------------------------------------    -------------------
    SLICE_X39Y111        FDRE                         0.000     0.000 r  <hidden>
    SLICE_X39Y111        FDRE (Prop_fdre_C_Q)         0.141     0.141 r  <hidden>
                         net (fo=1, routed)           0.110     0.251    u2/P[0]
    SLICE_X39Y110        FDCE                                         r  u2/res_reg[0]/D
  -------------------------------------------------------------------    -------------------

Slack:                    inf
  Source:                 <hidden>
                            (rising edge-triggered cell FDRE)
  Destination:            u2/res_reg[3]/D
  Path Group:             (none)
  Path Type:              Min at Fast Process Corner
  Data Path Delay:        0.260ns  (logic 0.141ns (54.263%)  route 0.119ns (45.737%))
  Logic Levels:           1  (FDRE=1)

    Location             Delay type                Incr(ns)  Path(ns)    Netlist Resource(s)
  -------------------------------------------------------------------    -------------------
    SLICE_X37Y110        FDRE                         0.000     0.000 r  <hidden>
    SLICE_X37Y110        FDRE (Prop_fdre_C_Q)         0.141     0.141 r  <hidden>
                         net (fo=1, routed)           0.119     0.260    u2/P[3]
    SLICE_X38Y110        FDCE                                         r  u2/res_reg[3]/D
  -------------------------------------------------------------------    -------------------

Slack:                    inf
  Source:                 <hidden>
                            (rising edge-triggered cell FDRE)
  Destination:            u2/res_reg[5]/D
  Path Group:             (none)
  Path Type:              Min at Fast Process Corner
  Data Path Delay:        0.260ns  (logic 0.141ns (54.263%)  route 0.119ns (45.737%))
  Logic Levels:           1  (FDRE=1)

    Location             Delay type                Incr(ns)  Path(ns)    Netlist Resource(s)
  -------------------------------------------------------------------    -------------------
    SLICE_X37Y110        FDRE                         0.000     0.000 r  <hidden>
    SLICE_X37Y110        FDRE (Prop_fdre_C_Q)         0.141     0.141 r  <hidden>
                         net (fo=1, routed)           0.119     0.260    u2/P[5]
    SLICE_X39Y110        FDCE                                         r  u2/res_reg[5]/D
  -------------------------------------------------------------------    -------------------

Slack:                    inf
  Source:                 <hidden>
                            (rising edge-triggered cell FDRE)
  Destination:            u2/res_reg[6]/D
  Path Group:             (none)
  Path Type:              Min at Fast Process Corner
  Data Path Delay:        0.260ns  (logic 0.141ns (54.263%)  route 0.119ns (45.737%))
  Logic Levels:           1  (FDRE=1)

    Location             Delay type                Incr(ns)  Path(ns)    Netlist Resource(s)
  -------------------------------------------------------------------    -------------------
    SLICE_X37Y110        FDRE                         0.000     0.000 r  <hidden>
    SLICE_X37Y110        FDRE (Prop_fdre_C_Q)         0.141     0.141 r  <hidden>
                         net (fo=1, routed)           0.119     0.260    u2/P[6]
    SLICE_X38Y110        FDCE                                         r  u2/res_reg[6]/D
  -------------------------------------------------------------------    -------------------

Slack:                    inf
  Source:                 <hidden>
                            (rising edge-triggered cell FDRE)
  Destination:            u2/res_reg[1]/D
  Path Group:             (none)
  Path Type:              Min at Fast Process Corner
  Data Path Delay:        0.276ns  (logic 0.128ns (46.415%)  route 0.148ns (53.585%))
  Logic Levels:           1  (FDRE=1)

    Location             Delay type                Incr(ns)  Path(ns)    Netlist Resource(s)
  -------------------------------------------------------------------    -------------------
    SLICE_X39Y111        FDRE                         0.000     0.000 r  <hidden>
    SLICE_X39Y111        FDRE (Prop_fdre_C_Q)         0.128     0.128 r  <hidden>
                         net (fo=1, routed)           0.148     0.276    u2/P[1]
    SLICE_X39Y110        FDCE                                         r  u2/res_reg[1]/D
  -------------------------------------------------------------------    -------------------

Slack:                    inf
  Source:                 <hidden>
                            (rising edge-triggered cell FDRE)
  Destination:            u2/res_reg[2]/D
  Path Group:             (none)
  Path Type:              Min at Fast Process Corner
  Data Path Delay:        0.284ns  (logic 0.141ns (49.624%)  route 0.143ns (50.376%))
  Logic Levels:           1  (FDRE=1)

    Location             Delay type                Incr(ns)  Path(ns)    Netlist Resource(s)
  -------------------------------------------------------------------    -------------------
    SLICE_X39Y111        FDRE                         0.000     0.000 r  <hidden>
    SLICE_X39Y111        FDRE (Prop_fdre_C_Q)         0.141     0.141 r  <hidden>
                         net (fo=1, routed)           0.143     0.284    u2/P[2]
    SLICE_X38Y110        FDCE                                         r  u2/res_reg[2]/D
  -------------------------------------------------------------------    -------------------

Slack:                    inf
  Source:                 u2/A_reg[0]/C
                            (rising edge-triggered cell FDRE)
  Destination:            <hidden>
  Path Group:             (none)
  Path Type:              Min at Fast Process Corner
  Data Path Delay:        0.303ns  (logic 0.209ns (68.908%)  route 0.094ns (31.092%))
  Logic Levels:           2  (FDRE=1 LUT2=1)

    Location             Delay type                Incr(ns)  Path(ns)    Netlist Resource(s)
  -------------------------------------------------------------------    -------------------
    SLICE_X38Y111        FDRE                         0.000     0.000 r  u2/A_reg[0]/C
    SLICE_X38Y111        FDRE (Prop_fdre_C_Q)         0.164     0.164 r  u2/A_reg[0]/Q
                         net (fo=8, routed)           0.094     0.258    <hidden>
    SLICE_X39Y111        LUT2 (Prop_lut2_I1_O)        0.045     0.303 r  <hidden>
                         net (fo=1, routed)           0.000     0.303    <hidden>
    SLICE_X39Y111        FDRE                                         r  <hidden>
  -------------------------------------------------------------------    -------------------

Slack:                    inf
  Source:                 <hidden>
                            (rising edge-triggered cell FDRE)
  Destination:            u2/res_reg[4]/D
  Path Group:             (none)
  Path Type:              Min at Fast Process Corner
  Data Path Delay:        0.304ns  (logic 0.128ns (42.141%)  route 0.176ns (57.859%))
  Logic Levels:           1  (FDRE=1)

    Location             Delay type                Incr(ns)  Path(ns)    Netlist Resource(s)
  -------------------------------------------------------------------    -------------------
    SLICE_X37Y110        FDRE                         0.000     0.000 r  <hidden>
    SLICE_X37Y110        FDRE (Prop_fdre_C_Q)         0.128     0.128 r  <hidden>
                         net (fo=1, routed)           0.176     0.304    u2/P[4]
    SLICE_X39Y110        FDCE                                         r  u2/res_reg[4]/D
  -------------------------------------------------------------------    -------------------

Slack:                    inf
  Source:                 u2/A_reg[0]/C
                            (rising edge-triggered cell FDRE)
  Destination:            <hidden>
  Path Group:             (none)
  Path Type:              Min at Fast Process Corner
  Data Path Delay:        0.306ns  (logic 0.212ns (69.213%)  route 0.094ns (30.787%))
  Logic Levels:           2  (FDRE=1 LUT3=1)

    Location             Delay type                Incr(ns)  Path(ns)    Netlist Resource(s)
  -------------------------------------------------------------------    -------------------
    SLICE_X38Y111        FDRE                         0.000     0.000 r  u2/A_reg[0]/C
    SLICE_X38Y111        FDRE (Prop_fdre_C_Q)         0.164     0.164 r  u2/A_reg[0]/Q
                         net (fo=8, routed)           0.094     0.258    <hidden>
    SLICE_X39Y111        LUT3 (Prop_lut3_I0_O)        0.048     0.306 r  <hidden>
                         net (fo=1, routed)           0.000     0.306    <hidden>
    SLICE_X39Y111        FDRE                                         r  <hidden>
  -------------------------------------------------------------------    -------------------

Slack:                    inf
  Source:                 u2/timer_reg[1]/C
                            (rising edge-triggered cell FDRE)
  Destination:            u2/timer_reg[1]/D
  Path Group:             (none)
  Path Type:              Min at Fast Process Corner
  Data Path Delay:        0.353ns  (logic 0.186ns (52.660%)  route 0.167ns (47.340%))
  Logic Levels:           2  (FDRE=1 LUT4=1)

    Location             Delay type                Incr(ns)  Path(ns)    Netlist Resource(s)
  -------------------------------------------------------------------    -------------------
    SLICE_X39Y112        FDRE                         0.000     0.000 r  u2/timer_reg[1]/C
    SLICE_X39Y112        FDRE (Prop_fdre_C_Q)         0.141     0.141 r  u2/timer_reg[1]/Q
                         net (fo=4, routed)           0.167     0.308    u2/timer_reg_n_0_[1]
    SLICE_X39Y112        LUT4 (Prop_lut4_I0_O)        0.045     0.353 r  u2/timer[1]_i_1/O
                         net (fo=1, routed)           0.000     0.353    u2/timer[1]_i_1_n_0
    SLICE_X39Y112        FDRE                                         r  u2/timer_reg[1]/D
  -------------------------------------------------------------------    -------------------





