Copyright 1986-2022 Xilinx, Inc. All Rights Reserved. Copyright 2022-2025 Advanced Micro Devices, Inc. All Rights Reserved.
---------------------------------------------------------------------------------------------------------------------------------------------------------------------------------------------------------------------
| Tool Version : Vivado v.2025.1 (win64) Build 6140274 Thu May 22 00:12:29 MDT 2025
| Date         : Sat Mar 28 12:20:09 2026
| Host         : Conolas running 64-bit major release  (build 9200)
| Command      : report_timing_summary -max_paths 10 -routable_nets -report_unconstrained -file top_timing_summary_routed.rpt -pb top_timing_summary_routed.pb -rpx top_timing_summary_routed.rpx -warn_on_violation
| Design       : top
| Device       : 7a100t-csg324
| Speed File   : -1  PRODUCTION 1.23 2018-06-13
| Design State : Routed
---------------------------------------------------------------------------------------------------------------------------------------------------------------------------------------------------------------------

Timing Summary Report

------------------------------------------------------------------------------------------------
| Timer Settings
| --------------
------------------------------------------------------------------------------------------------

  Enable Multi Corner Analysis               :  Yes
  Enable Pessimism Removal                   :  Yes
  Pessimism Removal Resolution               :  Nearest Common Node
  Enable Input Delay Default Clock           :  No
  Enable Preset / Clear Arcs                 :  No
  Disable Flight Delays                      :  No
  Ignore I/O Paths                           :  No
  Timing Early Launch at Borrowing Latches   :  No
  Borrow Time for Max Delay Exceptions       :  Yes
  Merge Timing Exceptions                    :  Yes
  Inter-SLR Compensation                     :  Conservative

  Corner  Analyze    Analyze    
  Name    Max Paths  Min Paths  
  ------  ---------  ---------  
  Slow    Yes        Yes        
  Fast    Yes        Yes        


------------------------------------------------------------------------------------------------
| Report Methodology
| ------------------
------------------------------------------------------------------------------------------------

Rule       Severity          Description                  Violations  
---------  ----------------  ---------------------------  ----------  
TIMING-17  Critical Warning  Non-clocked sequential cell  47          

Note: This report is based on the most recent report_methodology run and may not be up-to-date. Run report_methodology on the current design for the latest report.



check_timing report

Table of Contents
-----------------
1. checking no_clock (47)
2. checking constant_clock (0)
3. checking pulse_width_clock (0)
4. checking unconstrained_internal_endpoints (101)
5. checking no_input_delay (5)
6. checking no_output_delay (8)
7. checking multiple_clock (0)
8. checking generated_clocks (0)
9. checking loops (0)
10. checking partial_input_delay (0)
11. checking partial_output_delay (0)
12. checking latch_loops (0)

1. checking no_clock (47)
-------------------------
 There are 27 register/latch pins with no clock driven by root clock pin: clk (HIGH)

 There are 20 register/latch pins with no clock driven by root clock pin: u1/clk_1s_reg/Q (HIGH)


2. checking constant_clock (0)
------------------------------
 There are 0 register/latch pins with constant_clock.


3. checking pulse_width_clock (0)
---------------------------------
 There are 0 register/latch pins which need pulse_width check


4. checking unconstrained_internal_endpoints (101)
--------------------------------------------------
 There are 101 pins that are not constrained for maximum delay. (HIGH)

 There are 0 pins that are not constrained for maximum delay due to constant clock.


5. checking no_input_delay (5)
------------------------------
 There are 5 input ports with no input delay specified. (HIGH)

 There are 0 input ports with no input delay but user has a false path constraint.


6. checking no_output_delay (8)
-------------------------------
 There are 8 ports with no output delay specified. (HIGH)

 There are 0 ports with no output delay but user has a false path constraint

 There are 0 ports with no output delay but with a timing clock defined on it or propagating through it


7. checking multiple_clock (0)
------------------------------
 There are 0 register/latch pins with multiple clocks.


8. checking generated_clocks (0)
--------------------------------
 There are 0 generated clocks that are not connected to a clock source.


9. checking loops (0)
---------------------
 There are 0 combinational loops in the design.


10. checking partial_input_delay (0)
------------------------------------
 There are 0 input ports with partial input delay specified.


11. checking partial_output_delay (0)
-------------------------------------
 There are 0 ports with partial output delay specified.


12. checking latch_loops (0)
----------------------------
 There are 0 combinational latch loops in the design through latch input



------------------------------------------------------------------------------------------------
| Design Timing Summary
| ---------------------
------------------------------------------------------------------------------------------------

    WNS(ns)      TNS(ns)  TNS Failing Endpoints  TNS Total Endpoints      WHS(ns)      THS(ns)  THS Failing Endpoints  THS Total Endpoints     WPWS(ns)     TPWS(ns)  TPWS Failing Endpoints  TPWS Total Endpoints  
    -------      -------  ---------------------  -------------------      -------      -------  ---------------------  -------------------     --------     --------  ----------------------  --------------------  
        inf        0.000                      0                  109          inf        0.000                      0                  109           NA           NA                      NA                    NA  


There are no user specified timing constraints.


------------------------------------------------------------------------------------------------
| Clock Summary
| -------------
------------------------------------------------------------------------------------------------


------------------------------------------------------------------------------------------------
| Intra Clock Table
| -----------------
------------------------------------------------------------------------------------------------

Clock             WNS(ns)      TNS(ns)  TNS Failing Endpoints  TNS Total Endpoints      WHS(ns)      THS(ns)  THS Failing Endpoints  THS Total Endpoints     WPWS(ns)     TPWS(ns)  TPWS Failing Endpoints  TPWS Total Endpoints  
-----             -------      -------  ---------------------  -------------------      -------      -------  ---------------------  -------------------     --------     --------  ----------------------  --------------------  


------------------------------------------------------------------------------------------------
| Inter Clock Table
| -----------------
------------------------------------------------------------------------------------------------

From Clock    To Clock          WNS(ns)      TNS(ns)  TNS Failing Endpoints  TNS Total Endpoints      WHS(ns)      THS(ns)  THS Failing Endpoints  THS Total Endpoints  
----------    --------          -------      -------  ---------------------  -------------------      -------      -------  ---------------------  -------------------  


------------------------------------------------------------------------------------------------
| Other Path Groups Table
| -----------------------
------------------------------------------------------------------------------------------------

Path Group    From Clock    To Clock          WNS(ns)      TNS(ns)  TNS Failing Endpoints  TNS Total Endpoints      WHS(ns)      THS(ns)  THS Failing Endpoints  THS Total Endpoints  
----------    ----------    --------          -------      -------  ---------------------  -------------------      -------      -------  ---------------------  -------------------  


------------------------------------------------------------------------------------------------
| User Ignored Path Table
| -----------------------
------------------------------------------------------------------------------------------------

Path Group    From Clock    To Clock    
----------    ----------    --------    


------------------------------------------------------------------------------------------------
| Unconstrained Path Table
| ------------------------
------------------------------------------------------------------------------------------------

Path Group    From Clock    To Clock    
----------    ----------    --------    
(none)                                    


------------------------------------------------------------------------------------------------
| Timing Details
| --------------
------------------------------------------------------------------------------------------------


--------------------------------------------------------------------------------------
Path Group:  (none)
From Clock:  
  To Clock:  

Max Delay           109 Endpoints
Min Delay           109 Endpoints
--------------------------------------------------------------------------------------


Max Delay Paths
--------------------------------------------------------------------------------------
Slack:                    inf
  Source:                 u2/res_reg[2]/C
                            (rising edge-triggered cell FDCE)
  Destination:            res[2]
                            (output port)
  Path Group:             (none)
  Path Type:              Max at Slow Process Corner
  Data Path Delay:        9.423ns  (logic 4.030ns (42.773%)  route 5.392ns (57.227%))
  Logic Levels:           2  (FDCE=1 OBUF=1)

    Location             Delay type                Incr(ns)  Path(ns)    Netlist Resource(s)
  -------------------------------------------------------------------    -------------------
    SLICE_X77Y106        FDCE                         0.000     0.000 r  u2/res_reg[2]/C
    SLICE_X77Y106        FDCE (Prop_fdce_C_Q)         0.456     0.456 r  u2/res_reg[2]/Q
                         net (fo=1, routed)           5.392     5.848    res_OBUF[2]
    T9                   OBUF (Prop_obuf_I_O)         3.574     9.423 r  res_OBUF[2]_inst/O
                         net (fo=0)                   0.000     9.423    res[2]
    T9                                                                r  res[2] (OUT)
  -------------------------------------------------------------------    -------------------

Slack:                    inf
  Source:                 u2/res_reg[3]/C
                            (rising edge-triggered cell FDCE)
  Destination:            res[3]
                            (output port)
  Path Group:             (none)
  Path Type:              Max at Slow Process Corner
  Data Path Delay:        8.755ns  (logic 4.033ns (46.068%)  route 4.721ns (53.932%))
  Logic Levels:           2  (FDCE=1 OBUF=1)

    Location             Delay type                Incr(ns)  Path(ns)    Netlist Resource(s)
  -------------------------------------------------------------------    -------------------
    SLICE_X77Y106        FDCE                         0.000     0.000 r  u2/res_reg[3]/C
    SLICE_X77Y106        FDCE (Prop_fdce_C_Q)         0.456     0.456 r  u2/res_reg[3]/Q
                         net (fo=1, routed)           4.721     5.177    res_OBUF[3]
    T10                  OBUF (Prop_obuf_I_O)         3.577     8.755 r  res_OBUF[3]_inst/O
                         net (fo=0)                   0.000     8.755    res[3]
    T10                                                               r  res[3] (OUT)
  -------------------------------------------------------------------    -------------------

Slack:                    inf
  Source:                 sw[0]
                            (input port)
  Destination:            u2/res_reg[0]/CE
  Path Group:             (none)
  Path Type:              Max at Slow Process Corner
  Data Path Delay:        7.274ns  (logic 1.666ns (22.899%)  route 5.608ns (77.101%))
  Logic Levels:           2  (IBUF=1 LUT2=1)

    Location             Delay type                Incr(ns)  Path(ns)    Netlist Resource(s)
  -------------------------------------------------------------------    -------------------
    A8                                                0.000     0.000 r  sw[0] (IN)
                         net (fo=0)                   0.000     0.000    sw[0]
    A8                   IBUF (Prop_ibuf_I_O)         1.542     1.542 r  sw_IBUF[0]_inst/O
                         net (fo=3, routed)           4.971     6.513    u2/sw_IBUF[0]
    SLICE_X76Y109        LUT2 (Prop_lut2_I1_O)        0.124     6.637 r  u2/B[3]_i_1/O
                         net (fo=15, routed)          0.637     7.274    u2/B[3]_i_1_n_0
    SLICE_X77Y106        FDCE                                         r  u2/res_reg[0]/CE
  -------------------------------------------------------------------    -------------------

Slack:                    inf
  Source:                 sw[0]
                            (input port)
  Destination:            u2/res_reg[1]/CE
  Path Group:             (none)
  Path Type:              Max at Slow Process Corner
  Data Path Delay:        7.274ns  (logic 1.666ns (22.899%)  route 5.608ns (77.101%))
  Logic Levels:           2  (IBUF=1 LUT2=1)

    Location             Delay type                Incr(ns)  Path(ns)    Netlist Resource(s)
  -------------------------------------------------------------------    -------------------
    A8                                                0.000     0.000 r  sw[0] (IN)
                         net (fo=0)                   0.000     0.000    sw[0]
    A8                   IBUF (Prop_ibuf_I_O)         1.542     1.542 r  sw_IBUF[0]_inst/O
                         net (fo=3, routed)           4.971     6.513    u2/sw_IBUF[0]
    SLICE_X76Y109        LUT2 (Prop_lut2_I1_O)        0.124     6.637 r  u2/B[3]_i_1/O
                         net (fo=15, routed)          0.637     7.274    u2/B[3]_i_1_n_0
    SLICE_X77Y106        FDCE                                         r  u2/res_reg[1]/CE
  -------------------------------------------------------------------    -------------------

Slack:                    inf
  Source:                 sw[0]
                            (input port)
  Destination:            u2/res_reg[2]/CE
  Path Group:             (none)
  Path Type:              Max at Slow Process Corner
  Data Path Delay:        7.274ns  (logic 1.666ns (22.899%)  route 5.608ns (77.101%))
  Logic Levels:           2  (IBUF=1 LUT2=1)

    Location             Delay type                Incr(ns)  Path(ns)    Netlist Resource(s)
  -------------------------------------------------------------------    -------------------
    A8                                                0.000     0.000 r  sw[0] (IN)
                         net (fo=0)                   0.000     0.000    sw[0]
    A8                   IBUF (Prop_ibuf_I_O)         1.542     1.542 r  sw_IBUF[0]_inst/O
                         net (fo=3, routed)           4.971     6.513    u2/sw_IBUF[0]
    SLICE_X76Y109        LUT2 (Prop_lut2_I1_O)        0.124     6.637 r  u2/B[3]_i_1/O
                         net (fo=15, routed)          0.637     7.274    u2/B[3]_i_1_n_0
    SLICE_X77Y106        FDCE                                         r  u2/res_reg[2]/CE
  -------------------------------------------------------------------    -------------------

Slack:                    inf
  Source:                 sw[0]
                            (input port)
  Destination:            u2/res_reg[3]/CE
  Path Group:             (none)
  Path Type:              Max at Slow Process Corner
  Data Path Delay:        7.274ns  (logic 1.666ns (22.899%)  route 5.608ns (77.101%))
  Logic Levels:           2  (IBUF=1 LUT2=1)

    Location             Delay type                Incr(ns)  Path(ns)    Netlist Resource(s)
  -------------------------------------------------------------------    -------------------
    A8                                                0.000     0.000 r  sw[0] (IN)
                         net (fo=0)                   0.000     0.000    sw[0]
    A8                   IBUF (Prop_ibuf_I_O)         1.542     1.542 r  sw_IBUF[0]_inst/O
                         net (fo=3, routed)           4.971     6.513    u2/sw_IBUF[0]
    SLICE_X76Y109        LUT2 (Prop_lut2_I1_O)        0.124     6.637 r  u2/B[3]_i_1/O
                         net (fo=15, routed)          0.637     7.274    u2/B[3]_i_1_n_0
    SLICE_X77Y106        FDCE                                         r  u2/res_reg[3]/CE
  -------------------------------------------------------------------    -------------------

Slack:                    inf
  Source:                 sw[0]
                            (input port)
  Destination:            u2/res_reg[4]/CE
  Path Group:             (none)
  Path Type:              Max at Slow Process Corner
  Data Path Delay:        7.270ns  (logic 1.666ns (22.909%)  route 5.605ns (77.091%))
  Logic Levels:           2  (IBUF=1 LUT2=1)

    Location             Delay type                Incr(ns)  Path(ns)    Netlist Resource(s)
  -------------------------------------------------------------------    -------------------
    A8                                                0.000     0.000 r  sw[0] (IN)
                         net (fo=0)                   0.000     0.000    sw[0]
    A8                   IBUF (Prop_ibuf_I_O)         1.542     1.542 r  sw_IBUF[0]_inst/O
                         net (fo=3, routed)           4.971     6.513    u2/sw_IBUF[0]
    SLICE_X76Y109        LUT2 (Prop_lut2_I1_O)        0.124     6.637 r  u2/B[3]_i_1/O
                         net (fo=15, routed)          0.633     7.270    u2/B[3]_i_1_n_0
    SLICE_X77Y107        FDCE                                         r  u2/res_reg[4]/CE
  -------------------------------------------------------------------    -------------------

Slack:                    inf
  Source:                 sw[0]
                            (input port)
  Destination:            u2/res_reg[5]/CE
  Path Group:             (none)
  Path Type:              Max at Slow Process Corner
  Data Path Delay:        7.270ns  (logic 1.666ns (22.909%)  route 5.605ns (77.091%))
  Logic Levels:           2  (IBUF=1 LUT2=1)

    Location             Delay type                Incr(ns)  Path(ns)    Netlist Resource(s)
  -------------------------------------------------------------------    -------------------
    A8                                                0.000     0.000 r  sw[0] (IN)
                         net (fo=0)                   0.000     0.000    sw[0]
    A8                   IBUF (Prop_ibuf_I_O)         1.542     1.542 r  sw_IBUF[0]_inst/O
                         net (fo=3, routed)           4.971     6.513    u2/sw_IBUF[0]
    SLICE_X76Y109        LUT2 (Prop_lut2_I1_O)        0.124     6.637 r  u2/B[3]_i_1/O
                         net (fo=15, routed)          0.633     7.270    u2/B[3]_i_1_n_0
    SLICE_X77Y107        FDCE                                         r  u2/res_reg[5]/CE
  -------------------------------------------------------------------    -------------------

Slack:                    inf
  Source:                 sw[0]
                            (input port)
  Destination:            u2/res_reg[6]/CE
  Path Group:             (none)
  Path Type:              Max at Slow Process Corner
  Data Path Delay:        7.270ns  (logic 1.666ns (22.909%)  route 5.605ns (77.091%))
  Logic Levels:           2  (IBUF=1 LUT2=1)

    Location             Delay type                Incr(ns)  Path(ns)    Netlist Resource(s)
  -------------------------------------------------------------------    -------------------
    A8                                                0.000     0.000 r  sw[0] (IN)
                         net (fo=0)                   0.000     0.000    sw[0]
    A8                   IBUF (Prop_ibuf_I_O)         1.542     1.542 r  sw_IBUF[0]_inst/O
                         net (fo=3, routed)           4.971     6.513    u2/sw_IBUF[0]
    SLICE_X76Y109        LUT2 (Prop_lut2_I1_O)        0.124     6.637 r  u2/B[3]_i_1/O
                         net (fo=15, routed)          0.633     7.270    u2/B[3]_i_1_n_0
    SLICE_X77Y107        FDCE                                         r  u2/res_reg[6]/CE
  -------------------------------------------------------------------    -------------------

Slack:                    inf
  Source:                 sw[0]
                            (input port)
  Destination:            u2/res_reg[7]/CE
  Path Group:             (none)
  Path Type:              Max at Slow Process Corner
  Data Path Delay:        7.270ns  (logic 1.666ns (22.909%)  route 5.605ns (77.091%))
  Logic Levels:           2  (IBUF=1 LUT2=1)

    Location             Delay type                Incr(ns)  Path(ns)    Netlist Resource(s)
  -------------------------------------------------------------------    -------------------
    A8                                                0.000     0.000 r  sw[0] (IN)
                         net (fo=0)                   0.000     0.000    sw[0]
    A8                   IBUF (Prop_ibuf_I_O)         1.542     1.542 r  sw_IBUF[0]_inst/O
                         net (fo=3, routed)           4.971     6.513    u2/sw_IBUF[0]
    SLICE_X76Y109        LUT2 (Prop_lut2_I1_O)        0.124     6.637 r  u2/B[3]_i_1/O
                         net (fo=15, routed)          0.633     7.270    u2/B[3]_i_1_n_0
    SLICE_X77Y107        FDCE                                         r  u2/res_reg[7]/CE
  -------------------------------------------------------------------    -------------------





Min Delay Paths
--------------------------------------------------------------------------------------
Slack:                    inf
  Source:                 u1/clk_1s_reg/C
                            (rising edge-triggered cell FDCE)
  Destination:            u1/clk_1s_reg/D
  Path Group:             (none)
  Path Type:              Min at Fast Process Corner
  Data Path Delay:        0.354ns  (logic 0.186ns (52.507%)  route 0.168ns (47.493%))
  Logic Levels:           2  (FDCE=1 LUT2=1)

    Location             Delay type                Incr(ns)  Path(ns)    Netlist Resource(s)
  -------------------------------------------------------------------    -------------------
    SLICE_X75Y106        FDCE                         0.000     0.000 r  u1/clk_1s_reg/C
    SLICE_X75Y106        FDCE (Prop_fdce_C_Q)         0.141     0.141 r  u1/clk_1s_reg/Q
                         net (fo=21, routed)          0.168     0.309    u1/clk_1s_reg_0
    SLICE_X75Y106        LUT2 (Prop_lut2_I1_O)        0.045     0.354 r  u1/clk_1s_i_1/O
                         net (fo=1, routed)           0.000     0.354    u1/clk_1s_i_1_n_0
    SLICE_X75Y106        FDCE                                         r  u1/clk_1s_reg/D
  -------------------------------------------------------------------    -------------------

Slack:                    inf
  Source:                 u2/A_reg[2]/C
                            (rising edge-triggered cell FDRE)
  Destination:            u2/res_reg[5]/D
  Path Group:             (none)
  Path Type:              Min at Fast Process Corner
  Data Path Delay:        0.370ns  (logic 0.274ns (74.144%)  route 0.096ns (25.856%))
  Logic Levels:           3  (CARRY4=1 FDRE=1 LUT4=1)

    Location             Delay type                Incr(ns)  Path(ns)    Netlist Resource(s)
  -------------------------------------------------------------------    -------------------
    SLICE_X76Y107        FDRE                         0.000     0.000 r  u2/A_reg[2]/C
    SLICE_X76Y107        FDRE (Prop_fdre_C_Q)         0.164     0.164 r  u2/A_reg[2]/Q
                         net (fo=8, routed)           0.096     0.260    u2/A[2]
    SLICE_X77Y107        LUT4 (Prop_lut4_I3_O)        0.045     0.305 r  u2/res0__3_carry__0_i_4/O
                         net (fo=1, routed)           0.000     0.305    u2/res0__3_carry__0_i_4_n_0
    SLICE_X77Y107        CARRY4 (Prop_carry4_S[1]_O[1])
                                                      0.065     0.370 r  u2/res0__3_carry__0/O[1]
                         net (fo=1, routed)           0.000     0.370    u2/res0__3_carry__0_n_6
    SLICE_X77Y107        FDCE                                         r  u2/res_reg[5]/D
  -------------------------------------------------------------------    -------------------

Slack:                    inf
  Source:                 u2/A_reg[2]/C
                            (rising edge-triggered cell FDRE)
  Destination:            u2/res_reg[4]/D
  Path Group:             (none)
  Path Type:              Min at Fast Process Corner
  Data Path Delay:        0.376ns  (logic 0.279ns (74.291%)  route 0.097ns (25.709%))
  Logic Levels:           3  (CARRY4=1 FDRE=1 LUT6=1)

    Location             Delay type                Incr(ns)  Path(ns)    Netlist Resource(s)
  -------------------------------------------------------------------    -------------------
    SLICE_X76Y107        FDRE                         0.000     0.000 r  u2/A_reg[2]/C
    SLICE_X76Y107        FDRE (Prop_fdre_C_Q)         0.164     0.164 r  u2/A_reg[2]/Q
                         net (fo=8, routed)           0.097     0.261    u2/A[2]
    SLICE_X77Y107        LUT6 (Prop_lut6_I4_O)        0.045     0.306 r  u2/res0__3_carry__0_i_5/O
                         net (fo=1, routed)           0.000     0.306    u2/res0__3_carry__0_i_5_n_0
    SLICE_X77Y107        CARRY4 (Prop_carry4_S[0]_O[0])
                                                      0.070     0.376 r  u2/res0__3_carry__0/O[0]
                         net (fo=1, routed)           0.000     0.376    u2/res0__3_carry__0_n_7
    SLICE_X77Y107        FDCE                                         r  u2/res_reg[4]/D
  -------------------------------------------------------------------    -------------------

Slack:                    inf
  Source:                 u2/timer_reg[1]/C
                            (rising edge-triggered cell FDRE)
  Destination:            u2/timer_reg[3]/D
  Path Group:             (none)
  Path Type:              Min at Fast Process Corner
  Data Path Delay:        0.381ns  (logic 0.207ns (54.301%)  route 0.174ns (45.699%))
  Logic Levels:           2  (FDRE=1 LUT4=1)

    Location             Delay type                Incr(ns)  Path(ns)    Netlist Resource(s)
  -------------------------------------------------------------------    -------------------
    SLICE_X76Y110        FDRE                         0.000     0.000 r  u2/timer_reg[1]/C
    SLICE_X76Y110        FDRE (Prop_fdre_C_Q)         0.164     0.164 r  u2/timer_reg[1]/Q
                         net (fo=4, routed)           0.174     0.338    u2/timer_reg_n_0_[1]
    SLICE_X76Y110        LUT4 (Prop_lut4_I3_O)        0.043     0.381 r  u2/timer[3]_i_2/O
                         net (fo=1, routed)           0.000     0.381    u2/timer[3]_i_2_n_0
    SLICE_X76Y110        FDRE                                         r  u2/timer_reg[3]/D
  -------------------------------------------------------------------    -------------------

Slack:                    inf
  Source:                 u2/timer_reg[1]/C
                            (rising edge-triggered cell FDRE)
  Destination:            u2/timer_reg[1]/D
  Path Group:             (none)
  Path Type:              Min at Fast Process Corner
  Data Path Delay:        0.383ns  (logic 0.209ns (54.540%)  route 0.174ns (45.460%))
  Logic Levels:           2  (FDRE=1 LUT4=1)

    Location             Delay type                Incr(ns)  Path(ns)    Netlist Resource(s)
  -------------------------------------------------------------------    -------------------
    SLICE_X76Y110        FDRE                         0.000     0.000 r  u2/timer_reg[1]/C
    SLICE_X76Y110        FDRE (Prop_fdre_C_Q)         0.164     0.164 r  u2/timer_reg[1]/Q
                         net (fo=4, routed)           0.174     0.338    u2/timer_reg_n_0_[1]
    SLICE_X76Y110        LUT4 (Prop_lut4_I0_O)        0.045     0.383 r  u2/timer[1]_i_1/O
                         net (fo=1, routed)           0.000     0.383    u2/timer[1]_i_1_n_0
    SLICE_X76Y110        FDRE                                         r  u2/timer_reg[1]/D
  -------------------------------------------------------------------    -------------------

Slack:                    inf
  Source:                 u2/timer_reg[1]/C
                            (rising edge-triggered cell FDRE)
  Destination:            u2/timer_reg[2]/D
  Path Group:             (none)
  Path Type:              Min at Fast Process Corner
  Data Path Delay:        0.383ns  (logic 0.209ns (54.540%)  route 0.174ns (45.460%))
  Logic Levels:           2  (FDRE=1 LUT4=1)

    Location             Delay type                Incr(ns)  Path(ns)    Netlist Resource(s)
  -------------------------------------------------------------------    -------------------
    SLICE_X76Y110        FDRE                         0.000     0.000 r  u2/timer_reg[1]/C
    SLICE_X76Y110        FDRE (Prop_fdre_C_Q)         0.164     0.164 r  u2/timer_reg[1]/Q
                         net (fo=4, routed)           0.174     0.338    u2/timer_reg_n_0_[1]
    SLICE_X76Y110        LUT4 (Prop_lut4_I0_O)        0.045     0.383 r  u2/timer[2]_i_1/O
                         net (fo=1, routed)           0.000     0.383    u2/timer[2]_i_1_n_0
    SLICE_X76Y110        FDRE                                         r  u2/timer_reg[2]/D
  -------------------------------------------------------------------    -------------------

Slack:                    inf
  Source:                 u2/B_reg[2]/C
                            (rising edge-triggered cell FDRE)
  Destination:            u2/B_reg[2]/D
  Path Group:             (none)
  Path Type:              Min at Fast Process Corner
  Data Path Delay:        0.395ns  (logic 0.209ns (52.866%)  route 0.186ns (47.134%))
  Logic Levels:           2  (FDRE=1 LUT6=1)

    Location             Delay type                Incr(ns)  Path(ns)    Netlist Resource(s)
  -------------------------------------------------------------------    -------------------
    SLICE_X76Y108        FDRE                         0.000     0.000 r  u2/B_reg[2]/C
    SLICE_X76Y108        FDRE (Prop_fdre_C_Q)         0.164     0.164 r  u2/B_reg[2]/Q
                         net (fo=12, routed)          0.186     0.350    u2/B_reg_n_0_[2]
    SLICE_X76Y108        LUT6 (Prop_lut6_I5_O)        0.045     0.395 r  u2/B[2]_i_1/O
                         net (fo=1, routed)           0.000     0.395    u2/B[2]_i_1_n_0
    SLICE_X76Y108        FDRE                                         r  u2/B_reg[2]/D
  -------------------------------------------------------------------    -------------------

Slack:                    inf
  Source:                 u2/state_reg[0]/C
                            (rising edge-triggered cell FDRE)
  Destination:            u2/state_reg[0]/D
  Path Group:             (none)
  Path Type:              Min at Fast Process Corner
  Data Path Delay:        0.396ns  (logic 0.209ns (52.728%)  route 0.187ns (47.272%))
  Logic Levels:           2  (FDRE=1 LUT6=1)

    Location             Delay type                Incr(ns)  Path(ns)    Netlist Resource(s)
  -------------------------------------------------------------------    -------------------
    SLICE_X76Y109        FDRE                         0.000     0.000 r  u2/state_reg[0]/C
    SLICE_X76Y109        FDRE (Prop_fdre_C_Q)         0.164     0.164 r  u2/state_reg[0]/Q
                         net (fo=6, routed)           0.187     0.351    u2/state_reg_n_0_[0]
    SLICE_X76Y109        LUT6 (Prop_lut6_I5_O)        0.045     0.396 r  u2/state[0]_i_1/O
                         net (fo=1, routed)           0.000     0.396    u2/state[0]_i_1_n_0
    SLICE_X76Y109        FDRE                                         r  u2/state_reg[0]/D
  -------------------------------------------------------------------    -------------------

Slack:                    inf
  Source:                 u2/B_reg[0]/C
                            (rising edge-triggered cell FDRE)
  Destination:            u2/B_reg[0]/D
  Path Group:             (none)
  Path Type:              Min at Fast Process Corner
  Data Path Delay:        0.407ns  (logic 0.209ns (51.291%)  route 0.198ns (48.709%))
  Logic Levels:           2  (FDRE=1 LUT4=1)

    Location             Delay type                Incr(ns)  Path(ns)    Netlist Resource(s)
  -------------------------------------------------------------------    -------------------
    SLICE_X76Y107        FDRE                         0.000     0.000 r  u2/B_reg[0]/C
    SLICE_X76Y107        FDRE (Prop_fdre_C_Q)         0.164     0.164 f  u2/B_reg[0]/Q
                         net (fo=9, routed)           0.198     0.362    u2/B_reg_n_0_[0]
    SLICE_X76Y107        LUT4 (Prop_lut4_I0_O)        0.045     0.407 r  u2/B[0]_i_1/O
                         net (fo=1, routed)           0.000     0.407    u2/B[0]_i_1_n_0
    SLICE_X76Y107        FDRE                                         r  u2/B_reg[0]/D
  -------------------------------------------------------------------    -------------------

Slack:                    inf
  Source:                 u2/B_reg[0]/C
                            (rising edge-triggered cell FDRE)
  Destination:            u2/B_reg[1]/D
  Path Group:             (none)
  Path Type:              Min at Fast Process Corner
  Data Path Delay:        0.407ns  (logic 0.209ns (51.291%)  route 0.198ns (48.709%))
  Logic Levels:           2  (FDRE=1 LUT5=1)

    Location             Delay type                Incr(ns)  Path(ns)    Netlist Resource(s)
  -------------------------------------------------------------------    -------------------
    SLICE_X76Y107        FDRE                         0.000     0.000 r  u2/B_reg[0]/C
    SLICE_X76Y107        FDRE (Prop_fdre_C_Q)         0.164     0.164 r  u2/B_reg[0]/Q
                         net (fo=9, routed)           0.198     0.362    u2/B_reg_n_0_[0]
    SLICE_X76Y107        LUT5 (Prop_lut5_I4_O)        0.045     0.407 r  u2/B[1]_i_1/O
                         net (fo=1, routed)           0.000     0.407    u2/B[1]_i_1_n_0
    SLICE_X76Y107        FDRE                                         r  u2/B_reg[1]/D
  -------------------------------------------------------------------    -------------------





