Copyright 1986-2022 Xilinx, Inc. All Rights Reserved. Copyright 2022-2025 Advanced Micro Devices, Inc. All Rights Reserved.
---------------------------------------------------------------------------------------------------------------------------------------------------------------------------------------------------------------------------------
| Tool Version : Vivado v.2025.1 (win64) Build 6140274 Thu May 22 00:12:29 MDT 2025
| Date         : Thu Feb 19 10:58:52 2026
| Host         : Conolas running 64-bit major release  (build 9200)
| Command      : report_timing_summary -max_paths 10 -routable_nets -report_unconstrained -file counter_timing_summary_routed.rpt -pb counter_timing_summary_routed.pb -rpx counter_timing_summary_routed.rpx -warn_on_violation
| Design       : counter
| Device       : 7a100t-csg324
| Speed File   : -1  PRODUCTION 1.23 2018-06-13
| Design State : Routed
---------------------------------------------------------------------------------------------------------------------------------------------------------------------------------------------------------------------------------

Timing Summary Report

------------------------------------------------------------------------------------------------
| Timer Settings
| --------------
------------------------------------------------------------------------------------------------

  Enable Multi Corner Analysis               :  Yes
  Enable Pessimism Removal                   :  Yes
  Pessimism Removal Resolution               :  Nearest Common Node
  Enable Input Delay Default Clock           :  No
  Enable Preset / Clear Arcs                 :  No
  Disable Flight Delays                      :  No
  Ignore I/O Paths                           :  No
  Timing Early Launch at Borrowing Latches   :  No
  Borrow Time for Max Delay Exceptions       :  Yes
  Merge Timing Exceptions                    :  Yes
  Inter-SLR Compensation                     :  Conservative

  Corner  Analyze    Analyze    
  Name    Max Paths  Min Paths  
  ------  ---------  ---------  
  Slow    Yes        Yes        
  Fast    Yes        Yes        


------------------------------------------------------------------------------------------------
| Report Methodology
| ------------------
------------------------------------------------------------------------------------------------

Rule       Severity          Description                  Violations  
---------  ----------------  ---------------------------  ----------  
TIMING-17  Critical Warning  Non-clocked sequential cell  28          

Note: This report is based on the most recent report_methodology run and may not be up-to-date. Run report_methodology on the current design for the latest report.



check_timing report

Table of Contents
-----------------
1. checking no_clock (28)
2. checking constant_clock (0)
3. checking pulse_width_clock (0)
4. checking unconstrained_internal_endpoints (55)
5. checking no_input_delay (1)
6. checking no_output_delay (1)
7. checking multiple_clock (0)
8. checking generated_clocks (0)
9. checking loops (0)
10. checking partial_input_delay (0)
11. checking partial_output_delay (0)
12. checking latch_loops (0)

1. checking no_clock (28)
-------------------------
 There are 28 register/latch pins with no clock driven by root clock pin: clk (HIGH)


2. checking constant_clock (0)
------------------------------
 There are 0 register/latch pins with constant_clock.


3. checking pulse_width_clock (0)
---------------------------------
 There are 0 register/latch pins which need pulse_width check


4. checking unconstrained_internal_endpoints (55)
-------------------------------------------------
 There are 55 pins that are not constrained for maximum delay. (HIGH)

 There are 0 pins that are not constrained for maximum delay due to constant clock.


5. checking no_input_delay (1)
------------------------------
 There is 1 input port with no input delay specified. (HIGH)

 There are 0 input ports with no input delay but user has a false path constraint.


6. checking no_output_delay (1)
-------------------------------
 There is 1 port with no output delay specified. (HIGH)

 There are 0 ports with no output delay but user has a false path constraint

 There are 0 ports with no output delay but with a timing clock defined on it or propagating through it


7. checking multiple_clock (0)
------------------------------
 There are 0 register/latch pins with multiple clocks.


8. checking generated_clocks (0)
--------------------------------
 There are 0 generated clocks that are not connected to a clock source.


9. checking loops (0)
---------------------
 There are 0 combinational loops in the design.


10. checking partial_input_delay (0)
------------------------------------
 There are 0 input ports with partial input delay specified.


11. checking partial_output_delay (0)
-------------------------------------
 There are 0 ports with partial output delay specified.


12. checking latch_loops (0)
----------------------------
 There are 0 combinational latch loops in the design through latch input



------------------------------------------------------------------------------------------------
| Design Timing Summary
| ---------------------
------------------------------------------------------------------------------------------------

    WNS(ns)      TNS(ns)  TNS Failing Endpoints  TNS Total Endpoints      WHS(ns)      THS(ns)  THS Failing Endpoints  THS Total Endpoints     WPWS(ns)     TPWS(ns)  TPWS Failing Endpoints  TPWS Total Endpoints  
    -------      -------  ---------------------  -------------------      -------      -------  ---------------------  -------------------     --------     --------  ----------------------  --------------------  
        inf        0.000                      0                   56          inf        0.000                      0                   56           NA           NA                      NA                    NA  


There are no user specified timing constraints.


------------------------------------------------------------------------------------------------
| Clock Summary
| -------------
------------------------------------------------------------------------------------------------


------------------------------------------------------------------------------------------------
| Intra Clock Table
| -----------------
------------------------------------------------------------------------------------------------

Clock             WNS(ns)      TNS(ns)  TNS Failing Endpoints  TNS Total Endpoints      WHS(ns)      THS(ns)  THS Failing Endpoints  THS Total Endpoints     WPWS(ns)     TPWS(ns)  TPWS Failing Endpoints  TPWS Total Endpoints  
-----             -------      -------  ---------------------  -------------------      -------      -------  ---------------------  -------------------     --------     --------  ----------------------  --------------------  


------------------------------------------------------------------------------------------------
| Inter Clock Table
| -----------------
------------------------------------------------------------------------------------------------

From Clock    To Clock          WNS(ns)      TNS(ns)  TNS Failing Endpoints  TNS Total Endpoints      WHS(ns)      THS(ns)  THS Failing Endpoints  THS Total Endpoints  
----------    --------          -------      -------  ---------------------  -------------------      -------      -------  ---------------------  -------------------  


------------------------------------------------------------------------------------------------
| Other Path Groups Table
| -----------------------
------------------------------------------------------------------------------------------------

Path Group    From Clock    To Clock          WNS(ns)      TNS(ns)  TNS Failing Endpoints  TNS Total Endpoints      WHS(ns)      THS(ns)  THS Failing Endpoints  THS Total Endpoints  
----------    ----------    --------          -------      -------  ---------------------  -------------------      -------      -------  ---------------------  -------------------  


------------------------------------------------------------------------------------------------
| User Ignored Path Table
| -----------------------
------------------------------------------------------------------------------------------------

Path Group    From Clock    To Clock    
----------    ----------    --------    


------------------------------------------------------------------------------------------------
| Unconstrained Path Table
| ------------------------
------------------------------------------------------------------------------------------------

Path Group    From Clock    To Clock    
----------    ----------    --------    
(none)                                    


------------------------------------------------------------------------------------------------
| Timing Details
| --------------
------------------------------------------------------------------------------------------------


--------------------------------------------------------------------------------------
Path Group:  (none)
From Clock:  
  To Clock:  

Max Delay            56 Endpoints
Min Delay            56 Endpoints
--------------------------------------------------------------------------------------


Max Delay Paths
--------------------------------------------------------------------------------------
Slack:                    inf
  Source:                 led_reg/C
                            (rising edge-triggered cell FDRE)
  Destination:            led
                            (output port)
  Path Group:             (none)
  Path Type:              Max at Slow Process Corner
  Data Path Delay:        5.760ns  (logic 4.048ns (70.274%)  route 1.712ns (29.726%))
  Logic Levels:           2  (FDRE=1 OBUF=1)

    Location             Delay type                Incr(ns)  Path(ns)    Netlist Resource(s)
  -------------------------------------------------------------------    -------------------
    SLICE_X88Y105        FDRE                         0.000     0.000 r  led_reg/C
    SLICE_X88Y105        FDRE (Prop_fdre_C_Q)         0.518     0.518 r  led_reg/Q
                         net (fo=1, routed)           1.712     2.230    led_OBUF
    H5                   OBUF (Prop_obuf_I_O)         3.530     5.760 r  led_OBUF_inst/O
                         net (fo=0)                   0.000     5.760    led
    H5                                                                r  led (OUT)
  -------------------------------------------------------------------    -------------------

Slack:                    inf
  Source:                 rst
                            (input port)
  Destination:            count_reg[1]/CLR
  Path Group:             (none)
  Path Type:              Max at Slow Process Corner
  Data Path Delay:        4.348ns  (logic 1.631ns (37.520%)  route 2.716ns (62.480%))
  Logic Levels:           2  (IBUF=1 LUT1=1)

    Location             Delay type                Incr(ns)  Path(ns)    Netlist Resource(s)
  -------------------------------------------------------------------    -------------------
    C2                                                0.000     0.000 r  rst (IN)
                         net (fo=0)                   0.000     0.000    rst
    C2                   IBUF (Prop_ibuf_I_O)         1.507     1.507 r  rst_IBUF_inst/O
                         net (fo=1, routed)           1.470     2.977    rst_IBUF
    SLICE_X89Y108        LUT1 (Prop_lut1_I0_O)        0.124     3.101 f  count[25]_i_2/O
                         net (fo=27, routed)          1.247     4.348    count[25]_i_2_n_0
    SLICE_X89Y103        FDCE                                         f  count_reg[1]/CLR
  -------------------------------------------------------------------    -------------------

Slack:                    inf
  Source:                 rst
                            (input port)
  Destination:            count_reg[2]/CLR
  Path Group:             (none)
  Path Type:              Max at Slow Process Corner
  Data Path Delay:        4.348ns  (logic 1.631ns (37.520%)  route 2.716ns (62.480%))
  Logic Levels:           2  (IBUF=1 LUT1=1)

    Location             Delay type                Incr(ns)  Path(ns)    Netlist Resource(s)
  -------------------------------------------------------------------    -------------------
    C2                                                0.000     0.000 r  rst (IN)
                         net (fo=0)                   0.000     0.000    rst
    C2                   IBUF (Prop_ibuf_I_O)         1.507     1.507 r  rst_IBUF_inst/O
                         net (fo=1, routed)           1.470     2.977    rst_IBUF
    SLICE_X89Y108        LUT1 (Prop_lut1_I0_O)        0.124     3.101 f  count[25]_i_2/O
                         net (fo=27, routed)          1.247     4.348    count[25]_i_2_n_0
    SLICE_X89Y103        FDCE                                         f  count_reg[2]/CLR
  -------------------------------------------------------------------    -------------------

Slack:                    inf
  Source:                 rst
                            (input port)
  Destination:            count_reg[3]/CLR
  Path Group:             (none)
  Path Type:              Max at Slow Process Corner
  Data Path Delay:        4.348ns  (logic 1.631ns (37.520%)  route 2.716ns (62.480%))
  Logic Levels:           2  (IBUF=1 LUT1=1)

    Location             Delay type                Incr(ns)  Path(ns)    Netlist Resource(s)
  -------------------------------------------------------------------    -------------------
    C2                                                0.000     0.000 r  rst (IN)
                         net (fo=0)                   0.000     0.000    rst
    C2                   IBUF (Prop_ibuf_I_O)         1.507     1.507 r  rst_IBUF_inst/O
                         net (fo=1, routed)           1.470     2.977    rst_IBUF
    SLICE_X89Y108        LUT1 (Prop_lut1_I0_O)        0.124     3.101 f  count[25]_i_2/O
                         net (fo=27, routed)          1.247     4.348    count[25]_i_2_n_0
    SLICE_X89Y103        FDCE                                         f  count_reg[3]/CLR
  -------------------------------------------------------------------    -------------------

Slack:                    inf
  Source:                 rst
                            (input port)
  Destination:            count_reg[4]/CLR
  Path Group:             (none)
  Path Type:              Max at Slow Process Corner
  Data Path Delay:        4.348ns  (logic 1.631ns (37.520%)  route 2.716ns (62.480%))
  Logic Levels:           2  (IBUF=1 LUT1=1)

    Location             Delay type                Incr(ns)  Path(ns)    Netlist Resource(s)
  -------------------------------------------------------------------    -------------------
    C2                                                0.000     0.000 r  rst (IN)
                         net (fo=0)                   0.000     0.000    rst
    C2                   IBUF (Prop_ibuf_I_O)         1.507     1.507 r  rst_IBUF_inst/O
                         net (fo=1, routed)           1.470     2.977    rst_IBUF
    SLICE_X89Y108        LUT1 (Prop_lut1_I0_O)        0.124     3.101 f  count[25]_i_2/O
                         net (fo=27, routed)          1.247     4.348    count[25]_i_2_n_0
    SLICE_X89Y103        FDCE                                         f  count_reg[4]/CLR
  -------------------------------------------------------------------    -------------------

Slack:                    inf
  Source:                 rst
                            (input port)
  Destination:            count_reg[5]/CLR
  Path Group:             (none)
  Path Type:              Max at Slow Process Corner
  Data Path Delay:        4.348ns  (logic 1.631ns (37.520%)  route 2.716ns (62.480%))
  Logic Levels:           2  (IBUF=1 LUT1=1)

    Location             Delay type                Incr(ns)  Path(ns)    Netlist Resource(s)
  -------------------------------------------------------------------    -------------------
    C2                                                0.000     0.000 r  rst (IN)
                         net (fo=0)                   0.000     0.000    rst
    C2                   IBUF (Prop_ibuf_I_O)         1.507     1.507 r  rst_IBUF_inst/O
                         net (fo=1, routed)           1.470     2.977    rst_IBUF
    SLICE_X89Y108        LUT1 (Prop_lut1_I0_O)        0.124     3.101 f  count[25]_i_2/O
                         net (fo=27, routed)          1.247     4.348    count[25]_i_2_n_0
    SLICE_X89Y103        FDCE                                         f  count_reg[5]/CLR
  -------------------------------------------------------------------    -------------------

Slack:                    inf
  Source:                 rst
                            (input port)
  Destination:            count_reg[6]/CLR
  Path Group:             (none)
  Path Type:              Max at Slow Process Corner
  Data Path Delay:        4.348ns  (logic 1.631ns (37.520%)  route 2.716ns (62.480%))
  Logic Levels:           2  (IBUF=1 LUT1=1)

    Location             Delay type                Incr(ns)  Path(ns)    Netlist Resource(s)
  -------------------------------------------------------------------    -------------------
    C2                                                0.000     0.000 r  rst (IN)
                         net (fo=0)                   0.000     0.000    rst
    C2                   IBUF (Prop_ibuf_I_O)         1.507     1.507 r  rst_IBUF_inst/O
                         net (fo=1, routed)           1.470     2.977    rst_IBUF
    SLICE_X89Y108        LUT1 (Prop_lut1_I0_O)        0.124     3.101 f  count[25]_i_2/O
                         net (fo=27, routed)          1.247     4.348    count[25]_i_2_n_0
    SLICE_X89Y103        FDCE                                         f  count_reg[6]/CLR
  -------------------------------------------------------------------    -------------------

Slack:                    inf
  Source:                 rst
                            (input port)
  Destination:            count_reg[10]/CLR
  Path Group:             (none)
  Path Type:              Max at Slow Process Corner
  Data Path Delay:        4.066ns  (logic 1.631ns (40.122%)  route 2.434ns (59.878%))
  Logic Levels:           2  (IBUF=1 LUT1=1)

    Location             Delay type                Incr(ns)  Path(ns)    Netlist Resource(s)
  -------------------------------------------------------------------    -------------------
    C2                                                0.000     0.000 r  rst (IN)
                         net (fo=0)                   0.000     0.000    rst
    C2                   IBUF (Prop_ibuf_I_O)         1.507     1.507 r  rst_IBUF_inst/O
                         net (fo=1, routed)           1.470     2.977    rst_IBUF
    SLICE_X89Y108        LUT1 (Prop_lut1_I0_O)        0.124     3.101 f  count[25]_i_2/O
                         net (fo=27, routed)          0.965     4.066    count[25]_i_2_n_0
    SLICE_X89Y104        FDCE                                         f  count_reg[10]/CLR
  -------------------------------------------------------------------    -------------------

Slack:                    inf
  Source:                 rst
                            (input port)
  Destination:            count_reg[11]/CLR
  Path Group:             (none)
  Path Type:              Max at Slow Process Corner
  Data Path Delay:        4.066ns  (logic 1.631ns (40.122%)  route 2.434ns (59.878%))
  Logic Levels:           2  (IBUF=1 LUT1=1)

    Location             Delay type                Incr(ns)  Path(ns)    Netlist Resource(s)
  -------------------------------------------------------------------    -------------------
    C2                                                0.000     0.000 r  rst (IN)
                         net (fo=0)                   0.000     0.000    rst
    C2                   IBUF (Prop_ibuf_I_O)         1.507     1.507 r  rst_IBUF_inst/O
                         net (fo=1, routed)           1.470     2.977    rst_IBUF
    SLICE_X89Y108        LUT1 (Prop_lut1_I0_O)        0.124     3.101 f  count[25]_i_2/O
                         net (fo=27, routed)          0.965     4.066    count[25]_i_2_n_0
    SLICE_X89Y104        FDCE                                         f  count_reg[11]/CLR
  -------------------------------------------------------------------    -------------------

Slack:                    inf
  Source:                 rst
                            (input port)
  Destination:            count_reg[12]/CLR
  Path Group:             (none)
  Path Type:              Max at Slow Process Corner
  Data Path Delay:        4.066ns  (logic 1.631ns (40.122%)  route 2.434ns (59.878%))
  Logic Levels:           2  (IBUF=1 LUT1=1)

    Location             Delay type                Incr(ns)  Path(ns)    Netlist Resource(s)
  -------------------------------------------------------------------    -------------------
    C2                                                0.000     0.000 r  rst (IN)
                         net (fo=0)                   0.000     0.000    rst
    C2                   IBUF (Prop_ibuf_I_O)         1.507     1.507 r  rst_IBUF_inst/O
                         net (fo=1, routed)           1.470     2.977    rst_IBUF
    SLICE_X89Y108        LUT1 (Prop_lut1_I0_O)        0.124     3.101 f  count[25]_i_2/O
                         net (fo=27, routed)          0.965     4.066    count[25]_i_2_n_0
    SLICE_X89Y104        FDCE                                         f  count_reg[12]/CLR
  -------------------------------------------------------------------    -------------------





Min Delay Paths
--------------------------------------------------------------------------------------
Slack:                    inf
  Source:                 clk_1_reg/C
                            (rising edge-triggered cell FDCE)
  Destination:            clk_1_reg/D
  Path Group:             (none)
  Path Type:              Min at Fast Process Corner
  Data Path Delay:        0.354ns  (logic 0.186ns (52.498%)  route 0.168ns (47.502%))
  Logic Levels:           2  (FDCE=1 LUT2=1)

    Location             Delay type                Incr(ns)  Path(ns)    Netlist Resource(s)
  -------------------------------------------------------------------    -------------------
    SLICE_X89Y107        FDCE                         0.000     0.000 r  clk_1_reg/C
    SLICE_X89Y107        FDCE (Prop_fdce_C_Q)         0.141     0.141 r  clk_1_reg/Q
                         net (fo=2, routed)           0.168     0.309    clk_1_reg_n_0
    SLICE_X89Y107        LUT2 (Prop_lut2_I1_O)        0.045     0.354 r  clk_1_i_1/O
                         net (fo=1, routed)           0.000     0.354    clk_1_i_1_n_0
    SLICE_X89Y107        FDCE                                         r  clk_1_reg/D
  -------------------------------------------------------------------    -------------------

Slack:                    inf
  Source:                 count_reg[0]/C
                            (rising edge-triggered cell FDCE)
  Destination:            count_reg[0]/D
  Path Group:             (none)
  Path Type:              Min at Fast Process Corner
  Data Path Delay:        0.366ns  (logic 0.186ns (50.759%)  route 0.180ns (49.241%))
  Logic Levels:           2  (FDCE=1 LUT1=1)

    Location             Delay type                Incr(ns)  Path(ns)    Netlist Resource(s)
  -------------------------------------------------------------------    -------------------
    SLICE_X89Y108        FDCE                         0.000     0.000 r  count_reg[0]/C
    SLICE_X89Y108        FDCE (Prop_fdce_C_Q)         0.141     0.141 f  count_reg[0]/Q
                         net (fo=3, routed)           0.180     0.321    count_reg_n_0_[0]
    SLICE_X89Y108        LUT1 (Prop_lut1_I0_O)        0.045     0.366 r  count[0]_i_1/O
                         net (fo=1, routed)           0.000     0.366    count[0]
    SLICE_X89Y108        FDCE                                         r  count_reg[0]/D
  -------------------------------------------------------------------    -------------------

Slack:                    inf
  Source:                 clk_1_reg/C
                            (rising edge-triggered cell FDCE)
  Destination:            led_reg/D
  Path Group:             (none)
  Path Type:              Min at Fast Process Corner
  Data Path Delay:        0.376ns  (logic 0.141ns (37.548%)  route 0.235ns (62.452%))
  Logic Levels:           1  (FDCE=1)

    Location             Delay type                Incr(ns)  Path(ns)    Netlist Resource(s)
  -------------------------------------------------------------------    -------------------
    SLICE_X89Y107        FDCE                         0.000     0.000 r  clk_1_reg/C
    SLICE_X89Y107        FDCE (Prop_fdce_C_Q)         0.141     0.141 r  clk_1_reg/Q
                         net (fo=2, routed)           0.235     0.376    clk_1_reg_n_0
    SLICE_X88Y105        FDRE                                         r  led_reg/D
  -------------------------------------------------------------------    -------------------

Slack:                    inf
  Source:                 count_reg[15]/C
                            (rising edge-triggered cell FDCE)
  Destination:            count_reg[15]/D
  Path Group:             (none)
  Path Type:              Min at Fast Process Corner
  Data Path Delay:        0.585ns  (logic 0.359ns (61.340%)  route 0.226ns (38.660%))
  Logic Levels:           3  (CARRY4=1 FDCE=1 LUT2=1)

    Location             Delay type                Incr(ns)  Path(ns)    Netlist Resource(s)
  -------------------------------------------------------------------    -------------------
    SLICE_X89Y105        FDCE                         0.000     0.000 r  count_reg[15]/C
    SLICE_X89Y105        FDCE (Prop_fdce_C_Q)         0.141     0.141 r  count_reg[15]/Q
                         net (fo=2, routed)           0.065     0.206    count_reg_n_0_[15]
    SLICE_X88Y105        CARRY4 (Prop_carry4_S[2]_O[2])
                                                      0.110     0.316 r  count_reg[16]_i_2/O[2]
                         net (fo=1, routed)           0.161     0.477    data0[15]
    SLICE_X89Y105        LUT2 (Prop_lut2_I1_O)        0.108     0.585 r  count[15]_i_1/O
                         net (fo=1, routed)           0.000     0.585    count[15]
    SLICE_X89Y105        FDCE                                         r  count_reg[15]/D
  -------------------------------------------------------------------    -------------------

Slack:                    inf
  Source:                 count_reg[19]/C
                            (rising edge-triggered cell FDCE)
  Destination:            count_reg[19]/D
  Path Group:             (none)
  Path Type:              Min at Fast Process Corner
  Data Path Delay:        0.585ns  (logic 0.359ns (61.340%)  route 0.226ns (38.660%))
  Logic Levels:           3  (CARRY4=1 FDCE=1 LUT2=1)

    Location             Delay type                Incr(ns)  Path(ns)    Netlist Resource(s)
  -------------------------------------------------------------------    -------------------
    SLICE_X89Y106        FDCE                         0.000     0.000 r  count_reg[19]/C
    SLICE_X89Y106        FDCE (Prop_fdce_C_Q)         0.141     0.141 r  count_reg[19]/Q
                         net (fo=2, routed)           0.065     0.206    count_reg_n_0_[19]
    SLICE_X88Y106        CARRY4 (Prop_carry4_S[2]_O[2])
                                                      0.110     0.316 r  count_reg[20]_i_2/O[2]
                         net (fo=1, routed)           0.161     0.477    data0[19]
    SLICE_X89Y106        LUT2 (Prop_lut2_I1_O)        0.108     0.585 r  count[19]_i_1/O
                         net (fo=1, routed)           0.000     0.585    count[19]
    SLICE_X89Y106        FDCE                                         r  count_reg[19]/D
  -------------------------------------------------------------------    -------------------

Slack:                    inf
  Source:                 count_reg[11]/C
                            (rising edge-triggered cell FDCE)
  Destination:            count_reg[11]/D
  Path Group:             (none)
  Path Type:              Min at Fast Process Corner
  Data Path Delay:        0.586ns  (logic 0.359ns (61.211%)  route 0.227ns (38.789%))
  Logic Levels:           3  (CARRY4=1 FDCE=1 LUT2=1)

    Location             Delay type                Incr(ns)  Path(ns)    Netlist Resource(s)
  -------------------------------------------------------------------    -------------------
    SLICE_X89Y104        FDCE                         0.000     0.000 r  count_reg[11]/C
    SLICE_X89Y104        FDCE (Prop_fdce_C_Q)         0.141     0.141 r  count_reg[11]/Q
                         net (fo=2, routed)           0.066     0.207    count_reg_n_0_[11]
    SLICE_X88Y104        CARRY4 (Prop_carry4_S[2]_O[2])
                                                      0.110     0.317 r  count_reg[12]_i_2/O[2]
                         net (fo=1, routed)           0.161     0.478    data0[11]
    SLICE_X89Y104        LUT2 (Prop_lut2_I1_O)        0.108     0.586 r  count[11]_i_1/O
                         net (fo=1, routed)           0.000     0.586    count[11]
    SLICE_X89Y104        FDCE                                         r  count_reg[11]/D
  -------------------------------------------------------------------    -------------------

Slack:                    inf
  Source:                 count_reg[3]/C
                            (rising edge-triggered cell FDCE)
  Destination:            count_reg[3]/D
  Path Group:             (none)
  Path Type:              Min at Fast Process Corner
  Data Path Delay:        0.621ns  (logic 0.359ns (57.839%)  route 0.262ns (42.161%))
  Logic Levels:           3  (CARRY4=1 FDCE=1 LUT2=1)

    Location             Delay type                Incr(ns)  Path(ns)    Netlist Resource(s)
  -------------------------------------------------------------------    -------------------
    SLICE_X89Y103        FDCE                         0.000     0.000 r  count_reg[3]/C
    SLICE_X89Y103        FDCE (Prop_fdce_C_Q)         0.141     0.141 r  count_reg[3]/Q
                         net (fo=2, routed)           0.119     0.260    count_reg_n_0_[3]
    SLICE_X88Y102        CARRY4 (Prop_carry4_S[2]_O[2])
                                                      0.110     0.370 r  count_reg[4]_i_2/O[2]
                         net (fo=1, routed)           0.143     0.513    data0[3]
    SLICE_X89Y103        LUT2 (Prop_lut2_I1_O)        0.108     0.621 r  count[3]_i_1/O
                         net (fo=1, routed)           0.000     0.621    count[3]
    SLICE_X89Y103        FDCE                                         r  count_reg[3]/D
  -------------------------------------------------------------------    -------------------

Slack:                    inf
  Source:                 count_reg[5]/C
                            (rising edge-triggered cell FDCE)
  Destination:            count_reg[6]/D
  Path Group:             (none)
  Path Type:              Min at Fast Process Corner
  Data Path Delay:        0.626ns  (logic 0.396ns (63.261%)  route 0.230ns (36.739%))
  Logic Levels:           3  (CARRY4=1 FDCE=1 LUT2=1)

    Location             Delay type                Incr(ns)  Path(ns)    Netlist Resource(s)
  -------------------------------------------------------------------    -------------------
    SLICE_X89Y103        FDCE                         0.000     0.000 r  count_reg[5]/C
    SLICE_X89Y103        FDCE (Prop_fdce_C_Q)         0.141     0.141 r  count_reg[5]/Q
                         net (fo=2, routed)           0.067     0.208    count_reg_n_0_[5]
    SLICE_X88Y103        CARRY4 (Prop_carry4_S[0]_O[1])
                                                      0.150     0.358 r  count_reg[8]_i_2/O[1]
                         net (fo=1, routed)           0.163     0.521    data0[6]
    SLICE_X89Y103        LUT2 (Prop_lut2_I1_O)        0.105     0.626 r  count[6]_i_1/O
                         net (fo=1, routed)           0.000     0.626    count[6]
    SLICE_X89Y103        FDCE                                         r  count_reg[6]/D
  -------------------------------------------------------------------    -------------------

Slack:                    inf
  Source:                 count_reg[10]/C
                            (rising edge-triggered cell FDCE)
  Destination:            count_reg[10]/D
  Path Group:             (none)
  Path Type:              Min at Fast Process Corner
  Data Path Delay:        0.629ns  (logic 0.360ns (57.262%)  route 0.269ns (42.738%))
  Logic Levels:           3  (CARRY4=1 FDCE=1 LUT2=1)

    Location             Delay type                Incr(ns)  Path(ns)    Netlist Resource(s)
  -------------------------------------------------------------------    -------------------
    SLICE_X89Y104        FDCE                         0.000     0.000 r  count_reg[10]/C
    SLICE_X89Y104        FDCE (Prop_fdce_C_Q)         0.141     0.141 r  count_reg[10]/Q
                         net (fo=2, routed)           0.127     0.268    count_reg_n_0_[10]
    SLICE_X88Y104        CARRY4 (Prop_carry4_S[1]_O[1])
                                                      0.111     0.379 r  count_reg[12]_i_2/O[1]
                         net (fo=1, routed)           0.142     0.521    data0[10]
    SLICE_X89Y104        LUT2 (Prop_lut2_I1_O)        0.108     0.629 r  count[10]_i_1/O
                         net (fo=1, routed)           0.000     0.629    count[10]
    SLICE_X89Y104        FDCE                                         r  count_reg[10]/D
  -------------------------------------------------------------------    -------------------

Slack:                    inf
  Source:                 count_reg[5]/C
                            (rising edge-triggered cell FDCE)
  Destination:            count_reg[5]/D
  Path Group:             (none)
  Path Type:              Min at Fast Process Corner
  Data Path Delay:        0.651ns  (logic 0.361ns (55.414%)  route 0.290ns (44.586%))
  Logic Levels:           3  (CARRY4=1 FDCE=1 LUT2=1)

    Location             Delay type                Incr(ns)  Path(ns)    Netlist Resource(s)
  -------------------------------------------------------------------    -------------------
    SLICE_X89Y103        FDCE                         0.000     0.000 r  count_reg[5]/C
    SLICE_X89Y103        FDCE (Prop_fdce_C_Q)         0.141     0.141 r  count_reg[5]/Q
                         net (fo=2, routed)           0.067     0.208    count_reg_n_0_[5]
    SLICE_X88Y103        CARRY4 (Prop_carry4_S[0]_O[0])
                                                      0.115     0.323 r  count_reg[8]_i_2/O[0]
                         net (fo=1, routed)           0.223     0.546    data0[5]
    SLICE_X89Y103        LUT2 (Prop_lut2_I1_O)        0.105     0.651 r  count[5]_i_1/O
                         net (fo=1, routed)           0.000     0.651    count[5]
    SLICE_X89Y103        FDCE                                         r  count_reg[5]/D
  -------------------------------------------------------------------    -------------------





